2019-09-07 12:59:16,894 INFO o.a.j.u.JMeterUtils: Setting Locale to en_EN
2019-09-07 12:59:16,948 INFO o.a.j.JMeter: Loading user properties from: /Users/eirini.kostopoulou/Downloads/apache-jmeter-5.1.1/bin/user.properties
2019-09-07 12:59:16,956 INFO o.a.j.JMeter: Loading system properties from: /Users/eirini.kostopoulou/Downloads/apache-jmeter-5.1.1/bin/system.properties
2019-09-07 12:59:16,961 INFO o.a.j.JMeter: Copyright (c) 1998-2019 The Apache Software Foundation
2019-09-07 12:59:16,961 INFO o.a.j.JMeter: Version 5.1.1 r1855137
2019-09-07 12:59:16,962 INFO o.a.j.JMeter: java.version=11.0.1
2019-09-07 12:59:16,962 INFO o.a.j.JMeter: java.vm.name=OpenJDK 64-Bit Server VM
2019-09-07 12:59:16,962 INFO o.a.j.JMeter: os.name=Mac OS X
2019-09-07 12:59:16,962 INFO o.a.j.JMeter: os.arch=x86_64
2019-09-07 12:59:16,962 INFO o.a.j.JMeter: os.version=10.14.5
2019-09-07 12:59:16,962 INFO o.a.j.JMeter: file.encoding=UTF-8
2019-09-07 12:59:16,962 INFO o.a.j.JMeter: java.awt.headless=null
2019-09-07 12:59:16,962 INFO o.a.j.JMeter: Max memory     =1073741824
2019-09-07 12:59:16,962 INFO o.a.j.JMeter: Available Processors =4
2019-09-07 12:59:16,973 INFO o.a.j.JMeter: Default Locale=English (EN)
2019-09-07 12:59:16,974 INFO o.a.j.JMeter: JMeter  Locale=English (EN)
2019-09-07 12:59:16,974 INFO o.a.j.JMeter: JMeterHome=/Users/eirini.kostopoulou/Downloads/apache-jmeter-5.1.1
2019-09-07 12:59:16,974 INFO o.a.j.JMeter: user.dir  =/Users/eirini.kostopoulou/game-of-3/src/socket-api
2019-09-07 12:59:16,974 INFO o.a.j.JMeter: PWD       =/Users/eirini.kostopoulou/game-of-3/src/socket-api
2019-09-07 12:59:17,069 INFO o.a.j.JMeter: IP: 192.168.1.14 Name: MAC-IT-71 FullName: 192.168.1.14
2019-09-07 12:59:21,935 INFO o.a.j.g.a.LookAndFeelCommand: Installing Darcula LAF
2019-09-07 12:59:21,966 INFO o.a.j.g.a.LookAndFeelCommand: Using look and feel: com.bulenkov.darcula.DarculaLaf [Darcula]
2019-09-07 12:59:21,967 INFO o.a.j.JMeter: Setting LAF to: com.bulenkov.darcula.DarculaLaf
2019-09-07 12:59:22,112 INFO o.a.j.JMeter: Loaded icon properties from org/apache/jmeter/images/icon.properties
2019-09-07 12:59:23,759 INFO o.a.j.p.h.s.HTTPSamplerBase: Parser for text/html is org.apache.jmeter.protocol.http.parser.LagartoBasedHtmlParser
2019-09-07 12:59:23,759 INFO o.a.j.p.h.s.HTTPSamplerBase: Parser for application/xhtml+xml is org.apache.jmeter.protocol.http.parser.LagartoBasedHtmlParser
2019-09-07 12:59:23,760 INFO o.a.j.p.h.s.HTTPSamplerBase: Parser for application/xml is org.apache.jmeter.protocol.http.parser.LagartoBasedHtmlParser
2019-09-07 12:59:23,760 INFO o.a.j.p.h.s.HTTPSamplerBase: Parser for text/xml is org.apache.jmeter.protocol.http.parser.LagartoBasedHtmlParser
2019-09-07 12:59:23,760 INFO o.a.j.p.h.s.HTTPSamplerBase: Parser for text/vnd.wap.wml is org.apache.jmeter.protocol.http.parser.RegexpHTMLParser
2019-09-07 12:59:23,760 INFO o.a.j.p.h.s.HTTPSamplerBase: Parser for text/css is org.apache.jmeter.protocol.http.parser.CssParser
2019-09-07 12:59:24,392 INFO o.a.j.e.KeyToolUtils: keytool found at 'keytool'
2019-09-07 12:59:24,393 INFO o.a.j.p.h.p.ProxyControl: HTTP(S) Test Script Recorder SSL Proxy will use keys that support embedded 3rd party resources in file /Users/eirini.kostopoulou/Downloads/apache-jmeter-5.1.1/bin/proxyserver.jks
2019-09-07 12:59:24,522 INFO o.a.j.s.FileServer: Default base='/Users/eirini.kostopoulou/game-of-3/src/socket-api'
2019-09-07 12:59:24,843 INFO o.a.j.s.SampleResult: Note: Sample TimeStamps are START times
2019-09-07 12:59:24,844 INFO o.a.j.s.SampleResult: sampleresult.default.encoding is set to ISO-8859-1
2019-09-07 12:59:24,844 INFO o.a.j.s.SampleResult: sampleresult.useNanoTime=true
2019-09-07 12:59:24,844 INFO o.a.j.s.SampleResult: sampleresult.nanoThreadSleep=5000
2019-09-07 12:59:24,859 INFO o.a.j.v.ViewResultsFullVisualizer: Add JavaFX to your Java installation if you want to use renderer: org.apache.jmeter.visualizers.RenderInBrowser
